<?xml version="1.0" encoding="UTF-8"?>
<coverage generated="1629304760389" clover="3.2.0">
  <project timestamp="1629304760390" name="All files">
    <metrics statements="36" coveredstatements="30" conditionals="16" coveredconditionals="12" methods="5" coveredmethods="4" elements="57" coveredelements="46" complexity="0" loc="36" ncloc="36" packages="3" files="5" classes="5"/>
    <package name="Lesson_7">
      <metrics statements="2" coveredstatements="0" conditionals="4" coveredconditionals="0" methods="0" coveredmethods="0"/>
      <file name=".eslintrc.js" path="C:\Users\aleks\Desktop\Work\GeekBrains\2 четверть\Vue.js\Lesson_7\.eslintrc.js">
        <metrics statements="1" coveredstatements="0" conditionals="4" coveredconditionals="0" methods="0" coveredmethods="0"/>
        <line num="3" count="0" type="stmt"/>
      </file>
      <file name="babel.config.js" path="C:\Users\aleks\Desktop\Work\GeekBrains\2 четверть\Vue.js\Lesson_7\babel.config.js">
        <metrics statements="1" coveredstatements="0" conditionals="0" coveredconditionals="0" methods="0" coveredmethods="0"/>
        <line num="3" count="0" type="stmt"/>
      </file>
    </package>
    <package name="Lesson_7.src">
      <metrics statements="4" coveredstatements="0" conditionals="0" coveredconditionals="0" methods="1" coveredmethods="0"/>
      <file name="App.vue" path="C:\Users\aleks\Desktop\Work\GeekBrains\2 четверть\Vue.js\Lesson_7\src\App.vue">
        <metrics statements="1" coveredstatements="0" conditionals="0" coveredconditionals="0" methods="0" coveredmethods="0"/>
        <line num="9" count="0" type="stmt"/>
      </file>
      <file name="main.js" path="C:\Users\aleks\Desktop\Work\GeekBrains\2 четверть\Vue.js\Lesson_7\src\main.js">
        <metrics statements="3" coveredstatements="0" conditionals="0" coveredconditionals="0" methods="1" coveredmethods="0"/>
        <line num="6" count="0" type="stmt"/>
        <line num="8" count="0" type="stmt"/>
        <line num="9" count="0" type="stmt"/>
      </file>
    </package>
    <package name="Lesson_7.src.components">
      <metrics statements="30" coveredstatements="30" conditionals="12" coveredconditionals="12" methods="4" coveredmethods="4"/>
      <file name="Calculator.vue" path="C:\Users\aleks\Desktop\Work\GeekBrains\2 четверть\Vue.js\Lesson_7\src\components\Calculator.vue">
        <metrics statements="30" coveredstatements="30" conditionals="12" coveredconditionals="12" methods="4" coveredmethods="4"/>
        <line num="36" count="14" type="stmt"/>
        <line num="49" count="7" type="stmt"/>
        <line num="50" count="7" type="stmt"/>
        <line num="51" count="7" type="stmt"/>
        <line num="52" count="7" type="stmt"/>
        <line num="54" count="1" type="stmt"/>
        <line num="55" count="1" type="stmt"/>
        <line num="56" count="1" type="stmt"/>
        <line num="58" count="1" type="stmt"/>
        <line num="59" count="1" type="stmt"/>
        <line num="60" count="1" type="stmt"/>
        <line num="62" count="2" type="cond" truecount="2" falsecount="0"/>
        <line num="63" count="1" type="stmt"/>
        <line num="65" count="1" type="stmt"/>
        <line num="67" count="2" type="stmt"/>
        <line num="69" count="1" type="stmt"/>
        <line num="70" count="1" type="stmt"/>
        <line num="71" count="1" type="stmt"/>
        <line num="73" count="1" type="stmt"/>
        <line num="74" count="1" type="stmt"/>
        <line num="75" count="1" type="stmt"/>
        <line num="77" count="1" type="stmt"/>
        <line num="78" count="1" type="stmt"/>
        <line num="82" count="2" type="stmt"/>
        <line num="83" count="2" type="cond" truecount="2" falsecount="0"/>
        <line num="84" count="1" type="stmt"/>
        <line num="86" count="1" type="stmt"/>
        <line num="90" count="2" type="cond" truecount="2" falsecount="0"/>
        <line num="91" count="1" type="stmt"/>
        <line num="93" count="1" type="stmt"/>
      </file>
    </package>
  </project>
</coverage>
