TN:
SF:.eslintrc.js
FNF:0
FNH:0
DA:3,0
LF:1
LH:0
BRDA:16,0,0,0
BRDA:16,0,1,0
BRDA:17,1,0,0
BRDA:17,1,1,0
BRF:4
BRH:0
end_of_record
TN:
SF:babel.config.js
FNF:0
FNH:0
DA:3,0
LF:1
LH:0
BRF:0
BRH:0
end_of_record
TN:
SF:src\App.vue
FNF:0
FNH:0
DA:9,0
LF:1
LH:0
BRF:0
BRH:0
end_of_record
TN:
SF:src\main.js
FN:9,(anonymous_0)
FNF:1
FNH:0
FNDA:0,(anonymous_0)
DA:6,0
DA:8,0
DA:9,0
LF:3
LH:0
BRF:0
BRH:0
end_of_record
TN:
SF:src\components\Calculator.vue
FN:36,(anonymous_1)
FN:48,(anonymous_2)
FN:81,(anonymous_3)
FN:89,(anonymous_4)
FNF:4
FNH:4
FNDA:14,(anonymous_1)
FNDA:7,(anonymous_2)
FNDA:2,(anonymous_3)
FNDA:2,(anonymous_4)
DA:36,14
DA:49,7
DA:50,7
DA:51,7
DA:52,7
DA:54,1
DA:55,1
DA:56,1
DA:58,1
DA:59,1
DA:60,1
DA:62,2
DA:63,1
DA:65,1
DA:67,2
DA:69,1
DA:70,1
DA:71,1
DA:73,1
DA:74,1
DA:75,1
DA:77,1
DA:78,1
DA:82,2
DA:83,2
DA:84,1
DA:86,1
DA:90,2
DA:91,1
DA:93,1
LF:30
LH:30
BRDA:53,0,0,1
BRDA:53,0,1,1
BRDA:53,0,2,2
BRDA:53,0,3,1
BRDA:53,0,4,1
BRDA:53,0,5,1
BRDA:62,1,0,1
BRDA:62,1,1,1
BRDA:83,2,0,1
BRDA:83,2,1,1
BRDA:90,3,0,1
BRDA:90,3,1,1
BRF:12
BRH:12
end_of_record
